The system is: Windows - 6.1.7601 - AMD64
Compiling the C compiler identification source file "CMakeCCompilerId.c" succeeded.
Compiler:  
Build flags: 
Id flags:  

The output was:
0
Microsoft (R) Build Engine version 15.7.179.6572 pour .NET Framework
Copyright (C) Microsoft Corporation. Tous droits r‚serv‚s.

La g‚n‚ration a d‚marr‚ 03/09/2019 15:57:44.
Projet "D:\Programmation Avancee\Fac\L2 - Programmation Avancee\External Resources\GLFW\build\CMakeFiles\3.15.2\CompilerIdC\CompilerIdC.vcxproj" sur le noud 1 (cibles par d‚faut).
PrepareForBuild:
  Cr‚ation du r‚pertoire "Debug\".
  Cr‚ation du r‚pertoire "Debug\CompilerIdC.tlog\".
InitializeBuildStatus:
  Cr‚ation de "Debug\CompilerIdC.tlog\unsuccessfulbuild", car "AlwaysCreate" a ‚t‚ sp‚cifi‚.
ClCompile:
  C:\Program Files (x86)\Microsoft Visual Studio\2017\Community\VC\Tools\MSVC\14.14.26428\bin\HostX86\x86\CL.exe /c /nologo /W0 /WX- /diagnostics:classic /Od /Oy- /D _MBCS /Gm- /EHsc /RTC1 /MDd /GS /fp:precise /Zc:wchar_t /Zc:forScope /Zc:inline /Fo"Debug\\" /Fd"Debug\vc141.pdb" /Gd /TC /analyze- /FC /errorReport:queue CMakeCCompilerId.c
  CMakeCCompilerId.c
Link:
  C:\Program Files (x86)\Microsoft Visual Studio\2017\Community\VC\Tools\MSVC\14.14.26428\bin\HostX86\x86\link.exe /ERRORREPORT:QUEUE /OUT:".\CompilerIdC.exe" /INCREMENTAL:NO /NOLOGO kernel32.lib user32.lib gdi32.lib winspool.lib comdlg32.lib advapi32.lib shell32.lib ole32.lib oleaut32.lib uuid.lib odbc32.lib odbccp32.lib /MANIFEST /MANIFESTUAC:"level='asInvoker' uiAccess='false'" /manifest:embed /PDB:".\CompilerIdC.pdb" /SUBSYSTEM:CONSOLE /TLBID:1 /DYNAMICBASE /NXCOMPAT /IMPLIB:".\CompilerIdC.lib" /MACHINE:X86 /SAFESEH Debug\CMakeCCompilerId.obj
  CompilerIdC.vcxproj -> D:\Programmation Avancee\Fac\L2 - Programmation Avancee\External Resources\GLFW\build\CMakeFiles\3.15.2\CompilerIdC\.\CompilerIdC.exe
PostBuildEvent:
  for %%i in (cl.exe) do @echo CMAKE_C_COMPILER=%%~$PATH:i
  :VCEnd
  CMAKE_C_COMPILER=C:\Program Files (x86)\Microsoft Visual Studio\2017\Community\VC\Tools\MSVC\14.14.26428\bin\Hostx86\x86\cl.exe
FinalizeBuildStatus:
  Suppression du fichier "Debug\CompilerIdC.tlog\unsuccessfulbuild".
  Mise … jour de l'horodatage "Debug\CompilerIdC.tlog\CompilerIdC.lastbuildstate".
G‚n‚ration du projet "D:\Programmation Avancee\Fac\L2 - Programmation Avancee\External Resources\GLFW\build\CMakeFiles\3.15.2\CompilerIdC\CompilerIdC.vcxproj" termin‚e (cibles par d‚faut).

La g‚n‚ration a r‚ussi.
    0 Avertissement(s)
    0 Erreur(s)

Temps ‚coul‚ 00:00:01.16


Compilation of the C compiler identification source "CMakeCCompilerId.c" produced "CompilerIdC.exe"

Compilation of the C compiler identification source "CMakeCCompilerId.c" produced "CompilerIdC.vcxproj"

The C compiler identification is MSVC, found in "D:/Programmation Avancee/Fac/L2 - Programmation Avancee/External Resources/GLFW/build/CMakeFiles/3.15.2/CompilerIdC/CompilerIdC.exe"

Determining if the C compiler works passed with the following output:
Change Dir: D:/Programmation Avancee/Fac/L2 - Programmation Avancee/External Resources/GLFW/build/CMakeFiles/CMakeTmp

Run Build Command(s):C:/Program Files (x86)/Microsoft Visual Studio/2017/Community/MSBuild/15.0/Bin/MSBuild.exe cmTC_e625d.vcxproj /p:Configuration=Debug /p:Platform=Win32 /p:VisualStudioVersion=15.0 /v:m && Microsoft (R) Build Engine version 15.7.179.6572 pour .NET Framework
Copyright (C) Microsoft Corporation. Tous droits r‚serv‚s.

  Compilateur d'optimisation Microsoft (R) C/C++ versionÿ19.14.26430 pour x86
  Copyright (C) Microsoft Corporation. Tous droits r‚serv‚s.
  
  cl /c /Zi /W3 /WX- /diagnostics:classic /Od /Ob0 /Oy- /D WIN32 /D _WINDOWS /D "CMAKE_INTDIR=\"Debug\"" /D _MBCS /Gm- /RTC1 /MDd /GS /fp:precise /Zc:wchar_t /Zc:forScope /Zc:inline /Fo"cmTC_e625d.dir\Debug\\" /Fd"cmTC_e625d.dir\Debug\vc141.pdb" /Gd /TC /analyze- /errorReport:queue "D:\Programmation Avancee\Fac\L2 - Programmation Avancee\External Resources\GLFW\build\CMakeFiles\CMakeTmp\testCCompiler.c"
  testCCompiler.c
  
  cmTC_e625d.vcxproj -> D:\Programmation Avancee\Fac\L2 - Programmation Avancee\External Resources\GLFW\build\CMakeFiles\CMakeTmp\Debug\cmTC_e625d.exe



Detecting C compiler ABI info compiled with the following output:
Change Dir: D:/Programmation Avancee/Fac/L2 - Programmation Avancee/External Resources/GLFW/build/CMakeFiles/CMakeTmp

Run Build Command(s):C:/Program Files (x86)/Microsoft Visual Studio/2017/Community/MSBuild/15.0/Bin/MSBuild.exe cmTC_0a199.vcxproj /p:Configuration=Debug /p:Platform=Win32 /p:VisualStudioVersion=15.0 /v:m && Microsoft (R) Build Engine version 15.7.179.6572 pour .NET Framework
Copyright (C) Microsoft Corporation. Tous droits r‚serv‚s.

  Compilateur d'optimisation Microsoft (R) C/C++ versionÿ19.14.26430 pour x86
  Copyright (C) Microsoft Corporation. Tous droits r‚serv‚s.
  
  cl /c /Zi /W3 /WX- /diagnostics:classic /Od /Ob0 /Oy- /D WIN32 /D _WINDOWS /D "CMAKE_INTDIR=\"Debug\"" /D _MBCS /Gm- /RTC1 /MDd /GS /fp:precise /Zc:wchar_t /Zc:forScope /Zc:inline /Fo"cmTC_0a199.dir\Debug\\" /Fd"cmTC_0a199.dir\Debug\vc141.pdb" /Gd /TC /analyze- /errorReport:queue "C:\Program Files\CMake\share\cmake-3.15\Modules\CMakeCCompilerABI.c"
  CMakeCCompilerABI.c
  
  cmTC_0a199.vcxproj -> D:\Programmation Avancee\Fac\L2 - Programmation Avancee\External Resources\GLFW\build\CMakeFiles\CMakeTmp\Debug\cmTC_0a199.exe



